yarn run v1.22.22
$ storybook dev -p 6006 --debug-webpack
storybook v9.0.12

info => Serving static files from /Users/oscargauss/Documents/JUKI/base-ui/node_modules/@chromatic-com/storybook/assets at /addon-visual-tests-assets
info => Serving static files from ././public at /
info => Loading Webpack configuration from `node_modules/react-scripts`
info => Removing existing JavaScript and TypeScript rules.
info => Modifying Create React App rules.
info Addon-docs: using MDX3
info => Using default Webpack5 setup
Preview webpack config
{
  name: 'preview',
  mode: 'development',
  bail: false,
  devtool: 'cheap-module-source-map',
  entry: [
    '/Users/oscargauss/Documents/JUKI/base-ui/node_modules/webpack-hot-middleware/client.js?reload=true&quiet=false&overlay={"errors":true,"warnings":false,"runtimeErrors":false}&noInfo=undefined',
    '/Users/oscargauss/Documents/JUKI/base-ui/storybook-config-entry.js'
  ],
  output: {
    path: '/Users/oscargauss/Documents/JUKI/base-ui/node_modules/.cache/storybook/1c3385a5d25e538d10b518b310c74d3ca2690b6aaffeadccd74da79736171f86/public',
    filename: '[name].iframe.bundle.js',
    publicPath: ''
  },
  stats: { preset: 'none', logging: 'error' },
  watchOptions: { ignored: /node_modules/ },
  externals: {
    '@storybook/global': '__STORYBOOK_MODULE_GLOBAL__',
    'storybook/test': '__STORYBOOK_MODULE_TEST__',
    'storybook/actions': '__STORYBOOK_MODULE_ACTIONS__',
    'storybook/preview-api': '__STORYBOOK_MODULE_PREVIEW_API__',
    'storybook/internal/channels': '__STORYBOOK_MODULE_CHANNELS__',
    'storybook/internal/client-logger': '__STORYBOOK_MODULE_CLIENT_LOGGER__',
    'storybook/internal/core-events': '__STORYBOOK_MODULE_CORE_EVENTS__',
    'storybook/internal/preview-errors': '__STORYBOOK_MODULE_CORE_EVENTS_PREVIEW_ERRORS__',
    'storybook/internal/types': '__STORYBOOK_MODULE_TYPES__',
    'storybook/internal/preview-api': '__STORYBOOK_MODULE_PREVIEW_API__'
  },
  ignoreWarnings: [
    { message: /export '\S+' was not found in 'global'/ },
    { message: /export '\S+' was not found in '@storybook\/global'/ }
  ],
  plugins: [
    VirtualModulesPlugin {
      _compiler: null,
      _watcher: null,
      _staticModules: {
        '/Users/oscargauss/Documents/JUKI/base-ui/storybook-stories.js': 'const pipeline = (x) => x();\n' +
          '\n' +
          'const importers = [\n' +
          '  async (path) => {\n' +
          '    if (!/^\\.[\\\\/](?:src(?:\\/(?!\\.)(?:(?:(?!(?:^|\\/)\\.).)*?)\\/|\\/|$)(?!\\.)(?=.)[^/]*?\\.mdx)$/.exec(path)) {\n' +
          '      return;\n' +
          '    }\n' +
          '  \n' +
          '    const pathRemainder = path.substring(6);\n' +
          '    return import(\n' +
          '      /* webpackChunkName: "[request]" */\n' +
          '      /* webpackInclude: /(?!.*node_modules)(?:\\/src(?:\\/(?!\\.)(?:(?:(?!(?:^|\\/)\\.).)*?)\\/|\\/|$)(?!\\.)(?=.)[^/]*?\\.mdx)$/ */\n' +
          "      './src/' + pathRemainder\n" +
          '    );\n' +
          '  }\n' +
          '  ,\n' +
          '  async (path) => {\n' +
          '    if (!/^\\.[\\\\/](?:src(?:\\/(?!\\.)(?:(?:(?!(?:^|\\/)\\.).)*?)\\/|\\/|$)(?!\\.)(?=.)[^/]*?\\.stories\\.(js|jsx|ts|tsx))$/.exec(path)) {\n' +
          '      return;\n' +
          '    }\n' +
          '  \n' +
          '    const pathRemainder = path.substring(6);\n' +
          '    return import(\n' +
          '      /* webpackChunkName: "[request]" */\n' +
          '      /* webpackInclude: /(?!.*node_modules)(?:\\/src(?:\\/(?!\\.)(?:(?:(?!(?:^|\\/)\\.).)*?)\\/|\\/|$)(?!\\.)(?=.)[^/]*?\\.stories\\.(js|jsx|ts|tsx))$/ */\n' +
          "      './src/' + pathRemainder\n" +
          '    );\n' +
          '  }\n' +
          '  \n' +
          '];\n' +
          '\n' +
          'export async function importFn(path) {\n' +
          '  for (let i = 0; i < importers.length; i++) {\n' +
          '    const moduleExports = await pipeline(() => importers[i](path));\n' +
          '    if (moduleExports) {\n' +
          '      return moduleExports;\n' +
          '    }\n' +
          '  }\n' +
          '}',
        '/Users/oscargauss/Documents/JUKI/base-ui/storybook-config-entry.js': "import { createBrowserChannel } from 'storybook/internal/channels';\n" +
          "import { STORY_HOT_UPDATED } from 'storybook/internal/core-events';\n" +
          "import { isPreview } from 'storybook/internal/csf';\n" +
          '\n' +
          "import { global } from '@storybook/global';\n" +
          '\n' +
          "import { PreviewWeb, addons, composeConfigs } from 'storybook/preview-api';\n" +
          "import { importFn } from './storybook-stories.js';\n" +
          '\n' +
          'const getProjectAnnotations = () => {\n' +
          "  const previewAnnotations = [require('/Users/oscargauss/Documents/JUKI/base-ui/node_modules/@storybook/react/dist/entry-preview.mjs'),require('/Users/oscargauss/Documents/JUKI/base-ui/node_modules/@storybook/react/dist/entry-preview-argtypes.mjs'),require('/Users/oscargauss/Documents/JUKI/base-ui/node_modules/@storybook/react/dist/entry-preview-docs.mjs'),require('/Users/oscargauss/Documents/JUKI/base-ui/node_modules/@storybook/addon-links/dist/preview.mjs'),require('/Users/oscargauss/Documents/JUKI/base-ui/node_modules/@storybook/addon-themes/dist/preview.mjs'),require('/Users/oscargauss/Documents/JUKI/base-ui/node_modules/@storybook/addon-docs/dist/preview.mjs'),require('/Users/oscargauss/Documents/JUKI/base-ui/.storybook/preview.js')];\n" +
          '  // the last one in this array is the user preview\n' +
          '  const userPreview = previewAnnotations[previewAnnotations.length - 1]?.default;\n' +
          '\n' +
          '  if (isPreview(userPreview)) {\n' +
          '    return userPreview.composed;\n' +
          '  }\n' +
          '\n' +
          '  return composeConfigs(previewAnnotations);\n' +
          '};\n' +
          '\n' +
          "const channel = createBrowserChannel({ page: 'preview' });\n" +
          'addons.setChannel(channel);\n' +
          '\n' +
          "if (global.CONFIG_TYPE === 'DEVELOPMENT') {\n" +
          '  window.__STORYBOOK_SERVER_CHANNEL__ = channel;\n' +
          '}\n' +
          '\n' +
          'const preview = new PreviewWeb(importFn, getProjectAnnotations);\n' +
          '\n' +
          'window.__STORYBOOK_PREVIEW__ = preview;\n' +
          'window.__STORYBOOK_STORY_STORE__ = preview.storyStore;\n' +
          'window.__STORYBOOK_ADDONS_CHANNEL__ = channel;\n' +
          '\n' +
          'if (import.meta.webpackHot) {\n' +
          '  import.meta.webpackHot.addStatusHandler((status) => {\n' +
          "    if (status === 'idle') {\n" +
          '      preview.channel.emit(STORY_HOT_UPDATED);\n' +
          '    }\n' +
          '  });\n' +
          '\n' +
          "  import.meta.webpackHot.accept('./storybook-stories.js', () => {\n" +
          '    // importFn has changed so we need to patch the new one in\n' +
          '    preview.onStoriesChanged({ importFn });\n' +
          '  });\n' +
          '\n' +
          "  import.meta.webpackHot.accept(['/Users/oscargauss/Documents/JUKI/base-ui/node_modules/@storybook/react/dist/entry-preview.mjs','/Users/oscargauss/Documents/JUKI/base-ui/node_modules/@storybook/react/dist/entry-preview-argtypes.mjs','/Users/oscargauss/Documents/JUKI/base-ui/node_modules/@storybook/react/dist/entry-preview-docs.mjs','/Users/oscargauss/Documents/JUKI/base-ui/node_modules/@storybook/addon-links/dist/preview.mjs','/Users/oscargauss/Documents/JUKI/base-ui/node_modules/@storybook/addon-themes/dist/preview.mjs','/Users/oscargauss/Documents/JUKI/base-ui/node_modules/@storybook/addon-docs/dist/preview.mjs','/Users/oscargauss/Documents/JUKI/base-ui/.storybook/preview.js'], () => {\n" +
          '    // getProjectAnnotations has changed so we need to patch the new one in\n' +
          '    preview.onGetProjectAnnotationsChanged({ getProjectAnnotations });\n' +
          '  });\n' +
          '}\n'
      }
    },
    HtmlWebpackPlugin {
      userOptions: {
        filename: 'iframe.html',
        chunksSortMode: 'none',
        alwaysWriteToDisk: true,
        inject: false,
        template: '/Users/oscargauss/Documents/JUKI/base-ui/node_modules/@storybook/builder-webpack5/templates/preview.ejs',
        templateParameters: {
          version: '9.0.12',
          globals: {
            CONFIG_TYPE: 'DEVELOPMENT',
            LOGLEVEL: 'info',
            FRAMEWORK_OPTIONS: {},
            CHANNEL_OPTIONS: undefined,
            FEATURES: {
              argTypeTargetsV7: true,
              legacyDecoratorFileOrder: false,
              disallowImplicitActionsInRenderV8: true,
              viewport: true,
              highlight: true,
              controls: true,
              interactions: true,
              actions: true,
              backgrounds: true,
              outline: true,
              measure: true
            },
            PREVIEW_URL: undefined,
            STORIES: [
              {
                titlePrefix: '',
                directory: './src',
                files: '**/*.mdx',
                importPathMatcher: '^\\.[\\\\/](?:src(?:\\/(?!\\.)(?:(?:(?!(?:^|\\/)\\.).)*?)\\/|\\/|$)(?!\\.)(?=.)[^/]*?\\.mdx)$'
              },
              {
                titlePrefix: '',
                directory: './src',
                files: '**/*.stories.@(js|jsx|ts|tsx)',
                importPathMatcher: '^\\.[\\\\/](?:src(?:\\/(?!\\.)(?:(?:(?!(?:^|\\/)\\.).)*?)\\/|\\/|$)(?!\\.)(?=.)[^/]*?\\.stories\\.(js|jsx|ts|tsx))$'
              }
            ],
            DOCS_OPTIONS: { defaultName: 'Docs' },
            TAGS_OPTIONS: {
              'dev-only': { excludeFromDocsStories: true },
              'docs-only': { excludeFromSidebar: true },
              'test-only': {
                excludeFromSidebar: true,
                excludeFromDocsStories: true
              }
            }
          },
          headHtmlSnippet: '<base target="_parent" />\n' +
            '\n' +
            '<style>\n' +
            "  /* While we aren't showing the main block yet, but still preparing, we want everything the user has rendered, which may or may not be in #storybook-root, to be display none */\n" +
            '  .sb-show-preparing-story:not(.sb-show-main) > :not(.sb-preparing-story) {\n' +
            '    display: none;\n' +
            '  }\n' +
            '\n' +
            '  .sb-show-preparing-docs:not(.sb-show-main) > :not(.sb-preparing-docs) {\n' +
            '    display: none;\n' +
            '  }\n' +
            '\n' +
            "  /* Hide our own blocks when we aren't supposed to be showing them */\n" +
            '  :not(.sb-show-preparing-story) > .sb-preparing-story,\n' +
            '  :not(.sb-show-preparing-docs) > .sb-preparing-docs,\n' +
            '  :not(.sb-show-nopreview) > .sb-nopreview,\n' +
            '  :not(.sb-show-errordisplay) > .sb-errordisplay {\n' +
            '    display: none;\n' +
            '  }\n' +
            '\n' +
            '  .sb-show-main.sb-main-centered {\n' +
            '    margin: 0;\n' +
            '    display: flex;\n' +
            '    align-items: center;\n' +
            '    min-height: 100vh;\n' +
            '  }\n' +
            '\n' +
            '  .sb-show-main.sb-main-centered #storybook-root {\n' +
            '    box-sizing: border-box;\n' +
            '    margin: auto;\n' +
            '    padding: 1rem;\n' +
            '    max-height: 100%;\n' +
            '    /* Hack for centering correctly in IE11 */\n' +
            '  }\n' +
            '\n' +
            '  /* Vertical centering fix for IE11 */\n' +
            '  @media screen and (-ms-high-contrast: none), (-ms-high-contrast: active) {\n' +
            '    .sb-show-main.sb-main-centered:after {\n' +
            "      content: '';\n" +
            '      min-height: inherit;\n' +
            '      font-size: 0;\n' +
            '    }\n' +
            '  }\n' +
            '\n' +
            '  .sb-show-main.sb-main-fullscreen {\n' +
            '    margin: 0;\n' +
            '    padding: 0;\n' +
            '    display: block;\n' +
            '  }\n' +
            '\n' +
            '  .sb-show-main.sb-main-padded {\n' +
            '    margin: 0;\n' +
            '    padding: 1rem;\n' +
            '    display: block;\n' +
            '    box-sizing: border-box;\n' +
            '  }\n' +
            '\n' +
            '  .sb-wrapper {\n' +
            '    position: fixed;\n' +
            '    top: 0;\n' +
            '    bottom: 0;\n' +
            '    left: 0;\n' +
            '    right: 0;\n' +
            '    box-sizing: border-box;\n' +
            '\n' +
            '    padding: 40px;\n' +
            '    font-family:\n' +
            "      'Nunito Sans',\n" +
            '      -apple-system,\n' +
            "      '.SFNSText-Regular',\n" +
            "      'San Francisco',\n" +
            '      BlinkMacSystemFont,\n' +
            "      'Segoe UI',\n" +
            "      'Helvetica Neue',\n" +
            '      Helvetica,\n' +
            '      Arial,\n' +
            '      sans-serif;\n' +
            '    -webkit-font-smoothing: antialiased;\n' +
            '    overflow: auto;\n' +
            '  }\n' +
            '\n' +
            '  @media (max-width: 700px) {\n' +
            '    .sb-wrapper {\n' +
            '      padding: 20px;\n' +
            '    }\n' +
            '  }\n' +
            '\n' +
            '  @media (max-width: 500px) {\n' +
            '    .sb-wrapper {\n' +
            '      padding: 10px;\n' +
            '    }\n' +
            '  }\n' +
            '\n' +
            '  .sb-heading {\n' +
            '    font-size: 14px;\n' +
            '    font-weight: 600;\n' +
            '    letter-spacing: 0.2px;\n' +
            '    margin: 10px 0;\n' +
            '    padding-right: 25px;\n' +
            '  }\n' +
            '\n' +
            '  .sb-nopreview {\n' +
            '    display: flex;\n' +
            '    align-content: center;\n' +
            '    justify-content: center;\n' +
            '    box-sizing: border-box;\n' +
            '  }\n' +
            '\n' +
            '  .sb-nopreview_main {\n' +
            '    margin: auto;\n' +
            '    padding: 30px;\n' +
            '    border-radius: 10px;\n' +
            '    background: rgba(0, 0, 0, 0.03);\n' +
            '  }\n' +
            '\n' +
            '  .sb-nopreview_heading {\n' +
            '    text-align: center;\n' +
            '  }\n' +
            '\n' +
            '  .sb-errordisplay {\n' +
            '    background: #f6f9fc;\n' +
            '    color: black;\n' +
            '    z-index: 999999;\n' +
            '    width: 100vw;\n' +
            '    min-height: 100vh;\n' +
            '    box-sizing: border-box;\n' +
            '\n' +
            '    & ol {\n' +
            '      padding-left: 18px;\n' +
            '      margin: 0;\n' +
            '    }\n' +
            '\n' +
            '    & h1 {\n' +
            '      font-family: Nunito Sans;\n' +
            '      font-size: 22px;\n' +
            '      font-weight: 400;\n' +
            '      line-height: 30px;\n' +
            '      font-weight: normal;\n' +
            '      margin: 0;\n' +
            '\n' +
            '      &::before {\n' +
            "        content: '';\n" +
            '        display: inline-block;\n' +
            '        width: 12px;\n' +
            '        height: 12px;\n' +
            '        background: #ff4400;\n' +
            '        border-radius: 50%;\n' +
            '        margin-right: 8px;\n' +
            '      }\n' +
            '    }\n' +
            '\n' +
            '    & p,\n' +
            '    & ol {\n' +
            '      font-family: Nunito Sans;\n' +
            '      font-size: 14px;\n' +
            '      font-weight: 400;\n' +
            '      line-height: 19px;\n' +
            '      margin: 0;\n' +
            '    }\n' +
            '\n' +
            '    & li + li {\n' +
            '      margin: 0;\n' +
            '      padding: 0;\n' +
            '      padding-top: 12px;\n' +
            '    }\n' +
            '\n' +
            '    & a {\n' +
            '      color: currentColor;\n' +
            '    }\n' +
            '  }\n' +
            '\n' +
            '  .sb-errordisplay_main {\n' +
            '    margin: auto;\n' +
            '    padding: 24px;\n' +
            '    display: flex;\n' +
            '    box-sizing: border-box;\n' +
            '\n' +
            '    flex-direction: column;\n' +
            '    min-height: 100%;\n' +
            '    width: 100%;\n' +
            '    border-radius: 6px;\n' +
            '    background: white;\n' +
            '    border: 1px solid #ff0000;\n' +
            '    box-shadow: 0 0 64px rgba(0, 0, 0, 0.1);\n' +
            '    gap: 24px;\n' +
            '  }\n' +
            '\n' +
            '  .sb-errordisplay_code {\n' +
            '    padding: 10px;\n' +
            '    flex: 1;\n' +
            '    background: #242424;\n' +
            '    color: #c6c6c6;\n' +
            '    box-sizing: border-box;\n' +
            '\n' +
            '    font-size: 14px;\n' +
            '    font-weight: 400;\n' +
            '    line-height: 19px;\n' +
            '    border-radius: 4px;\n' +
            '\n' +
            '    font-family:\n' +
            "      'Operator Mono', 'Fira Code Retina', 'Fira Code', 'FiraCode-Retina', 'Andale Mono',\n" +
            "      'Lucida Console', Consolas, Monaco, monospace;\n" +
            '    margin: 0;\n' +
            '    overflow: auto;\n' +
            '  }\n' +
            '\n' +
            '  .sb-errordisplay pre {\n' +
            '    white-space: pre-wrap;\n' +
            '    white-space: revert;\n' +
            '  }\n' +
            '\n' +
            '  @-webkit-keyframes sb-rotate360 {\n' +
            '    from {\n' +
            '      transform: rotate(0deg);\n' +
            '    }\n' +
            '\n' +
            '    to {\n' +
            '      transform: rotate(360deg);\n' +
            '    }\n' +
            '  }\n' +
            '\n' +
            '  @keyframes sb-rotate360 {\n' +
            '    from {\n' +
            '      transform: rotate(0deg);\n' +
            '    }\n' +
            '\n' +
            '    to {\n' +
            '      transform: rotate(360deg);\n' +
            '    }\n' +
            '  }\n' +
            '\n' +
            '  @-webkit-keyframes sb-glow {\n' +
            '    0%,\n' +
            '    100% {\n' +
            '      opacity: 1;\n' +
            '    }\n' +
            '\n' +
            '    50% {\n' +
            '      opacity: 0.4;\n' +
            '    }\n' +
            '  }\n' +
            '\n' +
            '  @keyframes sb-glow {\n' +
            '    0%,\n' +
            '    100% {\n' +
            '      opacity: 1;\n' +
            '    }\n' +
            '\n' +
            '    50% {\n' +
            '      opacity: 0.4;\n' +
            '    }\n' +
            '  }\n' +
            '\n' +
            '  /* We display the preparing loaders *over* the rendering story */\n' +
            '  .sb-preparing-story,\n' +
            '  .sb-preparing-docs {\n' +
            '    background-color: white;\n' +
            "    /* Maximum possible z-index. It would be better to use stacking contexts to ensure it's always\n" +
            "    on top, but this isn't possible as it would require making CSS changes that could affect user code */\n" +
            '    z-index: 2147483647;\n' +
            '  }\n' +
            '\n' +
            '  .sb-loader {\n' +
            '    -webkit-animation: sb-rotate360 0.7s linear infinite;\n' +
            '    animation: sb-rotate360 0.7s linear infinite;\n' +
            '    border-color: rgba(97, 97, 97, 0.29);\n' +
            '    border-radius: 50%;\n' +
            '    border-style: solid;\n' +
            '    border-top-color: #646464;\n' +
            '    border-width: 2px;\n' +
            '    display: inline-block;\n' +
            '    height: 32px;\n' +
            '    left: 50%;\n' +
            '    margin-left: -16px;\n' +
            '    margin-top: -16px;\n' +
            '    mix-blend-mode: difference;\n' +
            '    overflow: hidden;\n' +
            '    position: absolute;\n' +
            '    top: 50%;\n' +
            '    transition: all 200ms ease-out;\n' +
            '    vertical-align: top;\n' +
            '    width: 32px;\n' +
            '    z-index: 4;\n' +
            '  }\n' +
            '\n' +
            '  .sb-previewBlock {\n' +
            '    background: #fff;\n' +
            '    border: 1px solid rgba(0, 0, 0, 0.1);\n' +
            '    border-radius: 4px;\n' +
            '    box-shadow: rgba(0, 0, 0, 0.1) 0 1px 3px 0;\n' +
            '    margin: 25px auto 40px;\n' +
            '    max-width: 600px;\n' +
            '  }\n' +
            '\n' +
            '  .sb-previewBlock_header {\n' +
            '    align-items: center;\n' +
            '    box-shadow: rgba(0, 0, 0, 0.1) 0 -1px 0 0 inset;\n' +
            '    display: flex;\n' +
            '    gap: 14px;\n' +
            '    height: 40px;\n' +
            '    padding: 0 12px;\n' +
            '  }\n' +
            '\n' +
            '  .sb-previewBlock_icon {\n' +
            '    -webkit-animation: sb-glow 1.5s ease-in-out infinite;\n' +
            '    animation: sb-glow 1.5s ease-in-out infinite;\n' +
            '    background: #e6e6e6;\n' +
            '    height: 14px;\n' +
            '    width: 14px;\n' +
            '  }\n' +
            '\n' +
            '  .sb-previewBlock_icon:last-child {\n' +
            '    margin-left: auto;\n' +
            '  }\n' +
            '\n' +
            '  .sb-previewBlock_body {\n' +
            '    -webkit-animation: sb-glow 1.5s ease-in-out infinite;\n' +
            '    animation: sb-glow 1.5s ease-in-out infinite;\n' +
            '    height: 182px;\n' +
            '    position: relative;\n' +
            '  }\n' +
            '\n' +
            '  .sb-argstableBlock {\n' +
            '    border-collapse: collapse;\n' +
            '    border-spacing: 0;\n' +
            '    font-size: 13px;\n' +
            '    line-height: 20px;\n' +
            '    margin: 25px auto 40px;\n' +
            '    max-width: 600px;\n' +
            '    text-align: left;\n' +
            '    width: 100%;\n' +
            '  }\n' +
            '\n' +
            '  .sb-argstableBlock th:first-of-type,\n' +
            '  .sb-argstableBlock td:first-of-type {\n' +
            '    padding-left: 20px;\n' +
            '  }\n' +
            '\n' +
            '  .sb-argstableBlock th:nth-of-type(2),\n' +
            '  .sb-argstableBlock td:nth-of-type(2) {\n' +
            '    width: 35%;\n' +
            '  }\n' +
            '\n' +
            '  .sb-argstableBlock th:nth-of-type(3),\n' +
            '  .sb-argstableBlock td:nth-of-type(3) {\n' +
            '    width: 15%;\n' +
            '  }\n' +
            '\n' +
            '  .sb-argstableBlock th:last-of-type,\n' +
            '  .sb-argstableBlock td:last-of-type {\n' +
            '    width: 25%;\n' +
            '    padding-right: 20px;\n' +
            '  }\n' +
            '\n' +
            '  .sb-argstableBlock th span,\n' +
            '  .sb-argstableBlock td span {\n' +
            '    -webkit-animation: sb-glow 1.5s ease-in-out infinite;\n' +
            '    animation: sb-glow 1.5s ease-in-out infinite;\n' +
            '    background-color: rgba(0, 0, 0, 0.1);\n' +
            '    border-radius: 0;\n' +
            '    box-shadow: none;\n' +
            '    color: transparent;\n' +
            '  }\n' +
            '\n' +
            '  .sb-argstableBlock th {\n' +
            '    padding: 10px 15px;\n' +
            '  }\n' +
            '\n' +
            '  .sb-argstableBlock-body {\n' +
            '    border-radius: 4px;\n' +
            '    box-shadow:\n' +
            '      rgba(0, 0, 0, 0.1) 0 1px 3px 1px,\n' +
            '      rgba(0, 0, 0, 0.065) 0 0 0 1px;\n' +
            '  }\n' +
            '\n' +
            '  .sb-argstableBlock-body tr {\n' +
            '    background: transparent;\n' +
            '    overflow: hidden;\n' +
            '  }\n' +
            '\n' +
            '  .sb-argstableBlock-body tr:not(:first-child) {\n' +
            '    border-top: 1px solid #e6e6e6;\n' +
            '  }\n' +
            '\n' +
            '  .sb-argstableBlock-body tr:first-child td:first-child {\n' +
            '    border-top-left-radius: 4px;\n' +
            '  }\n' +
            '\n' +
            '  .sb-argstableBlock-body tr:first-child td:last-child {\n' +
            '    border-top-right-radius: 4px;\n' +
            '  }\n' +
            '\n' +
            '  .sb-argstableBlock-body tr:last-child td:first-child {\n' +
            '    border-bottom-left-radius: 4px;\n' +
            '  }\n' +
            '\n' +
            '  .sb-argstableBlock-body tr:last-child td:last-child {\n' +
            '    border-bottom-right-radius: 4px;\n' +
            '  }\n' +
            '\n' +
            '  .sb-argstableBlock-body td {\n' +
            '    background: #fff;\n' +
            '    padding-bottom: 10px;\n' +
            '    padding-top: 10px;\n' +
            '    vertical-align: top;\n' +
            '  }\n' +
            '\n' +
            '  .sb-argstableBlock-body td:not(:first-of-type) {\n' +
            '    padding-left: 15px;\n' +
            '    padding-right: 15px;\n' +
            '  }\n' +
            '\n' +
            '  .sb-argstableBlock-body button {\n' +
            '    -webkit-animation: sb-glow 1.5s ease-in-out infinite;\n' +
            '    animation: sb-glow 1.5s ease-in-out infinite;\n' +
            '    background-color: rgba(0, 0, 0, 0.1);\n' +
            '    border: 0;\n' +
            '    border-radius: 0;\n' +
            '    box-shadow: none;\n' +
            '    color: transparent;\n' +
            '    display: inline;\n' +
            '    font-size: 12px;\n' +
            '    line-height: 1;\n' +
            '    padding: 10px 16px;\n' +
            '  }\n' +
            '\n' +
            '  .sb-argstableBlock-summary {\n' +
            '    margin-top: 4px;\n' +
            '  }\n' +
            '\n' +
            '  .sb-argstableBlock-code {\n' +
            '    margin-right: 4px;\n' +
            '    margin-bottom: 4px;\n' +
            '    padding: 2px 5px;\n' +
            '  }\n' +
            '\n' +
            '  .sb-sr-only,\n' +
            '  .sb-hidden-until-focus:not(:focus) {\n' +
            '    position: absolute;\n' +
            '    width: 1px;\n' +
            '    height: 1px;\n' +
            '    padding: 0px;\n' +
            '    margin: -1px;\n' +
            '    overflow: hidden;\n' +
            '    clip: rect(0, 0, 0, 0);\n' +
            '    border: none;\n' +
            '  }\n' +
            '\n' +
            '  .sb-hidden-until-focus {\n' +
            '    opacity: 0;\n' +
            '    transition: opacity 150ms ease-out;\n' +
            '  }\n' +
            '\n' +
            '  .sb-hidden-until-focus:focus {\n' +
            '    opacity: 1;\n' +
            '  }\n' +
            '</style>\n' +
            '\n' +
            '<script>\n' +
            '  /* globals window */\n' +
            '  try {\n' +
            '    if (window.top !== window) {\n' +
            '      window.__REACT_DEVTOOLS_GLOBAL_HOOK__ = window.top.__REACT_DEVTOOLS_GLOBAL_HOOK__;\n' +
            '      window.__VUE_DEVTOOLS_GLOBAL_HOOK__ = window.top.__VUE_DEVTOOLS_GLOBAL_HOOK__;\n' +
            '      window.top.__VUE_DEVTOOLS_CONTEXT__ = window.document;\n' +
            '    }\n' +
            '  } catch (e) {\n' +
            '    // eslint-disable-next-line no-console\n' +
            "    console.warn('unable to connect to top frame for connecting dev tools');\n" +
            '  }\n' +
            '</script>\n' +
            '<script>\n' +
            '</script>\n' +
            '<body>\n' +
            '<style>\n' +
            '    html {\n' +
            '        /*height: 100%;*/\n' +
            '        /*width: 100%;*/\n' +
            '        height: auto;\n' +
            '        width: auto;\n' +
            '\n' +
            '        body {\n' +
            '            height: auto !important;\n' +
            '            overflow: visible !impor'... 598 more characters,
          bodyHtmlSnippet: '<div class="sb-preparing-story sb-wrapper">\n' +
            '  <div class="sb-loader"></div>\n' +
            '</div>\n' +
            '\n' +
            '<div class="sb-preparing-docs sb-wrapper">\n' +
            '  <div class="sb-previewBlock">\n' +
            '    <div class="sb-previewBlock_header">\n' +
            '      <div class="sb-previewBlock_icon"></div>\n' +
            '      <div class="sb-previewBlock_icon"></div>\n' +
            '      <div class="sb-previewBlock_icon"></div>\n' +
            '      <div class="sb-previewBlock_icon"></div>\n' +
            '    </div>\n' +
            '    <div class="sb-previewBlock_body">\n' +
            '      <div class="sb-loader"></div>\n' +
            '    </div>\n' +
            '  </div>\n' +
            '  <table aria-hidden="true" class="sb-argstableBlock">\n' +
            '    <thead class="sb-argstableBlock-head">\n' +
            '      <tr>\n' +
            '        <th><span>Name</span></th>\n' +
            '        <th><span>Description</span></th>\n' +
            '        <th><span>Default</span></th>\n' +
            '        <th><span>Control </span></th>\n' +
            '      </tr>\n' +
            '    </thead>\n' +
            '    <tbody class="sb-argstableBlock-body">\n' +
            '      <tr>\n' +
            '        <td><span>propertyName</span><span title="Required">*</span></td>\n' +
            '        <td>\n' +
            '          <div><span>This is a short description</span></div>\n' +
            '          <div class="sb-argstableBlock-summary">\n' +
            '            <div><span class="sb-argstableBlock-code">summary</span></div>\n' +
            '          </div>\n' +
            '        </td>\n' +
            '        <td>\n' +
            '          <div><span class="sb-argstableBlock-code">defaultValue</span></div>\n' +
            '        </td>\n' +
            '        <td><button>Set string</button></td>\n' +
            '      </tr>\n' +
            '      <tr>\n' +
            '        <td><span>propertyName</span><span>*</span></td>\n' +
            '        <td>\n' +
            '          <div><span>This is a short description</span></div>\n' +
            '          <div class="sb-argstableBlock-summary">\n' +
            '            <div><span class="sb-argstableBlock-code">summary</span></div>\n' +
            '          </div>\n' +
            '        </td>\n' +
            '        <td>\n' +
            '          <div><span class="sb-argstableBlock-code">defaultValue</span></div>\n' +
            '        </td>\n' +
            '        <td><button>Set string</button></td>\n' +
            '      </tr>\n' +
            '      <tr>\n' +
            '        <td><span>propertyName</span><span>*</span></td>\n' +
            '        <td>\n' +
            '          <div><span>This is a short description</span></div>\n' +
            '          <div class="sb-argstableBlock-summary">\n' +
            '            <div><span class="sb-argstableBlock-code">summary</span></div>\n' +
            '          </div>\n' +
            '        </td>\n' +
            '        <td>\n' +
            '          <div><span class="sb-argstableBlock-code">defaultValue</span></div>\n' +
            '        </td>\n' +
            '        <td><button>Set string</button></td>\n' +
            '      </tr>\n' +
            '    </tbody>\n' +
            '  </table>\n' +
            '</div>\n' +
            '\n' +
            '<div class="sb-nopreview sb-wrapper">\n' +
            '  <div class="sb-nopreview_main">\n' +
            '    <h1 class="sb-nopreview_heading sb-heading">No Preview</h1>\n' +
            '    <p>Sorry, but you either have no stories or none are selected somehow.</p>\n' +
            '    <ul>\n' +
            '      <li>Please check the Storybook config.</li>\n' +
            '      <li>Try reloading the page.</li>\n' +
            '    </ul>\n' +
            '    <p>\n' +
            "      If the problem persists, check the browser console, or the terminal you've run Storybook from.\n" +
            '    </p>\n' +
            '  </div>\n' +
            '</div>\n' +
            '\n' +
            '<div class="sb-errordisplay sb-wrapper">\n' +
            '  <div class="sb-errordisplay_main">\n' +
            '    <h1 id="error-message"></h1>\n' +
            '    <p>\n' +
            '      The component failed to render properly, likely due to a configuration issue in Storybook.\n' +
            '      Here are some common causes and how you can address them:\n' +
            '    </p>\n' +
            '    <ol>\n' +
            '      <li>\n' +
            '        <strong>Missing Context/Providers</strong>: You can use decorators to supply specific\n' +
            '        contexts or providers, which are sometimes necessary for components to render correctly. For\n' +
            '        detailed instructions on using decorators, please visit the\n' +
            '        <a href="https://storybook.js.org/docs/writing-stories/decorators"\n' +
            '          >Decorators documentation</a\n' +
            '        >.\n' +
            '      </li>\n' +
            '      <li>\n' +
            '        <strong>Misconfigured Webpack or Vite</strong>: Verify that Storybook picks up all necessary\n' +
            '        settings for loaders, plugins, and other relevant parameters. You can find step-by-step\n' +
            '        guides for configuring\n' +
            '        <a href="https://storybook.js.org/docs/builders/webpack">Webpack</a> or\n' +
            '        <a href="https://storybook.js.org/docs/builders/vite">Vite</a>\n' +
            '        with Storybook.\n' +
            '      </li>\n' +
            '      <li>\n' +
            '        <strong>Missing Environment Variables</strong>: Your Storybook may require specific\n' +
            '        environment variables to function as intended. You can set up custom environment variables\n' +
            '        as outlined in the\n' +
            '        <a href="https://storybook.js.org/docs/configure/environment-variables"\n' +
            '          >Environment Variables documentation</a\n' +
            '        >.\n' +
            '      </li>\n' +
            '    </ol>\n' +
            '    <pre class="sb-errordisplay_code"><code id="error-stack"></code></pre>\n' +
            '  </div>\n' +
            '</div>\n'
        },
        minify: {
          collapseWhitespace: true,
          removeComments: true,
          removeRedundantAttributes: true,
          removeScriptTypeAttributes: false,
          removeStyleLinkTypeAttributes: true,
          useShortDoctype: true
        }
      },
      version: 5,
      options: {
        template: '/Users/oscargauss/Documents/JUKI/base-ui/node_modules/@storybook/builder-webpack5/templates/preview.ejs',
        templateContent: false,
        templateParameters: {
          version: '9.0.12',
          globals: {
            CONFIG_TYPE: 'DEVELOPMENT',
            LOGLEVEL: 'info',
            FRAMEWORK_OPTIONS: {},
            CHANNEL_OPTIONS: undefined,
            FEATURES: {
              argTypeTargetsV7: true,
              legacyDecoratorFileOrder: false,
              disallowImplicitActionsInRenderV8: true,
              viewport: true,
              highlight: true,
              controls: true,
              interactions: true,
              actions: true,
              backgrounds: true,
              outline: true,
              measure: true
            },
            PREVIEW_URL: undefined,
            STORIES: [
              {
                titlePrefix: '',
                directory: './src',
                files: '**/*.mdx',
                importPathMatcher: '^\\.[\\\\/](?:src(?:\\/(?!\\.)(?:(?:(?!(?:^|\\/)\\.).)*?)\\/|\\/|$)(?!\\.)(?=.)[^/]*?\\.mdx)$'
              },
              {
                titlePrefix: '',
                directory: './src',
                files: '**/*.stories.@(js|jsx|ts|tsx)',
                importPathMatcher: '^\\.[\\\\/](?:src(?:\\/(?!\\.)(?:(?:(?!(?:^|\\/)\\.).)*?)\\/|\\/|$)(?!\\.)(?=.)[^/]*?\\.stories\\.(js|jsx|ts|tsx))$'
              }
            ],
            DOCS_OPTIONS: { defaultName: 'Docs' },
            TAGS_OPTIONS: {
              'dev-only': { excludeFromDocsStories: true },
              'docs-only': { excludeFromSidebar: true },
              'test-only': {
                excludeFromSidebar: true,
                excludeFromDocsStories: true
              }
            }
          },
          headHtmlSnippet: '<base target="_parent" />\n' +
            '\n' +
            '<style>\n' +
            "  /* While we aren't showing the main block yet, but still preparing, we want everything the user has rendered, which may or may not be in #storybook-root, to be display none */\n" +
            '  .sb-show-preparing-story:not(.sb-show-main) > :not(.sb-preparing-story) {\n' +
            '    display: none;\n' +
            '  }\n' +
            '\n' +
            '  .sb-show-preparing-docs:not(.sb-show-main) > :not(.sb-preparing-docs) {\n' +
            '    display: none;\n' +
            '  }\n' +
            '\n' +
            "  /* Hide our own blocks when we aren't supposed to be showing them */\n" +
            '  :not(.sb-show-preparing-story) > .sb-preparing-story,\n' +
            '  :not(.sb-show-preparing-docs) > .sb-preparing-docs,\n' +
            '  :not(.sb-show-nopreview) > .sb-nopreview,\n' +
            '  :not(.sb-show-errordisplay) > .sb-errordisplay {\n' +
            '    display: none;\n' +
            '  }\n' +
            '\n' +
            '  .sb-show-main.sb-main-centered {\n' +
            '    margin: 0;\n' +
            '    display: flex;\n' +
            '    align-items: center;\n' +
            '    min-height: 100vh;\n' +
            '  }\n' +
            '\n' +
            '  .sb-show-main.sb-main-centered #storybook-root {\n' +
            '    box-sizing: border-box;\n' +
            '    margin: auto;\n' +
            '    padding: 1rem;\n' +
            '    max-height: 100%;\n' +
            '    /* Hack for centering correctly in IE11 */\n' +
            '  }\n' +
            '\n' +
            '  /* Vertical centering fix for IE11 */\n' +
            '  @media screen and (-ms-high-contrast: none), (-ms-high-contrast: active) {\n' +
            '    .sb-show-main.sb-main-centered:after {\n' +
            "      content: '';\n" +
            '      min-height: inherit;\n' +
            '      font-size: 0;\n' +
            '    }\n' +
            '  }\n' +
            '\n' +
            '  .sb-show-main.sb-main-fullscreen {\n' +
            '    margin: 0;\n' +
            '    padding: 0;\n' +
            '    display: block;\n' +
            '  }\n' +
            '\n' +
            '  .sb-show-main.sb-main-padded {\n' +
            '    margin: 0;\n' +
            '    padding: 1rem;\n' +
            '    display: block;\n' +
            '    box-sizing: border-box;\n' +
            '  }\n' +
            '\n' +
            '  .sb-wrapper {\n' +
            '    position: fixed;\n' +
            '    top: 0;\n' +
            '    bottom: 0;\n' +
            '    left: 0;\n' +
            '    right: 0;\n' +
            '    box-sizing: border-box;\n' +
            '\n' +
            '    padding: 40px;\n' +
            '    font-family:\n' +
            "      'Nunito Sans',\n" +
            '      -apple-system,\n' +
            "      '.SFNSText-Regular',\n" +
            "      'San Francisco',\n" +
            '      BlinkMacSystemFont,\n' +
            "      'Segoe UI',\n" +
            "      'Helvetica Neue',\n" +
            '      Helvetica,\n' +
            '      Arial,\n' +
            '      sans-serif;\n' +
            '    -webkit-font-smoothing: antialiased;\n' +
            '    overflow: auto;\n' +
            '  }\n' +
            '\n' +
            '  @media (max-width: 700px) {\n' +
            '    .sb-wrapper {\n' +
            '      padding: 20px;\n' +
            '    }\n' +
            '  }\n' +
            '\n' +
            '  @media (max-width: 500px) {\n' +
            '    .sb-wrapper {\n' +
            '      padding: 10px;\n' +
            '    }\n' +
            '  }\n' +
            '\n' +
            '  .sb-heading {\n' +
            '    font-size: 14px;\n' +
            '    font-weight: 600;\n' +
            '    letter-spacing: 0.2px;\n' +
            '    margin: 10px 0;\n' +
            '    padding-right: 25px;\n' +
            '  }\n' +
            '\n' +
            '  .sb-nopreview {\n' +
            '    display: flex;\n' +
            '    align-content: center;\n' +
            '    justify-content: center;\n' +
            '    box-sizing: border-box;\n' +
            '  }\n' +
            '\n' +
            '  .sb-nopreview_main {\n' +
            '    margin: auto;\n' +
            '    padding: 30px;\n' +
            '    border-radius: 10px;\n' +
            '    background: rgba(0, 0, 0, 0.03);\n' +
            '  }\n' +
            '\n' +
            '  .sb-nopreview_heading {\n' +
            '    text-align: center;\n' +
            '  }\n' +
            '\n' +
            '  .sb-errordisplay {\n' +
            '    background: #f6f9fc;\n' +
            '    color: black;\n' +
            '    z-index: 999999;\n' +
            '    width: 100vw;\n' +
            '    min-height: 100vh;\n' +
            '    box-sizing: border-box;\n' +
            '\n' +
            '    & ol {\n' +
            '      padding-left: 18px;\n' +
            '      margin: 0;\n' +
            '    }\n' +
            '\n' +
            '    & h1 {\n' +
            '      font-family: Nunito Sans;\n' +
            '      font-size: 22px;\n' +
            '      font-weight: 400;\n' +
            '      line-height: 30px;\n' +
            '      font-weight: normal;\n' +
            '      margin: 0;\n' +
            '\n' +
            '      &::before {\n' +
            "        content: '';\n" +
            '        display: inline-block;\n' +
            '        width: 12px;\n' +
            '        height: 12px;\n' +
            '        background: #ff4400;\n' +
            '        border-radius: 50%;\n' +
            '        margin-right: 8px;\n' +
            '      }\n' +
            '    }\n' +
            '\n' +
            '    & p,\n' +
            '    & ol {\n' +
            '      font-family: Nunito Sans;\n' +
            '      font-size: 14px;\n' +
            '      font-weight: 400;\n' +
            '      line-height: 19px;\n' +
            '      margin: 0;\n' +
            '    }\n' +
            '\n' +
            '    & li + li {\n' +
            '      margin: 0;\n' +
            '      padding: 0;\n' +
            '      padding-top: 12px;\n' +
            '    }\n' +
            '\n' +
            '    & a {\n' +
            '      color: currentColor;\n' +
            '    }\n' +
            '  }\n' +
            '\n' +
            '  .sb-errordisplay_main {\n' +
            '    margin: auto;\n' +
            '    padding: 24px;\n' +
            '    display: flex;\n' +
            '    box-sizing: border-box;\n' +
            '\n' +
            '    flex-direction: column;\n' +
            '    min-height: 100%;\n' +
            '    width: 100%;\n' +
            '    border-radius: 6px;\n' +
            '    background: white;\n' +
            '    border: 1px solid #ff0000;\n' +
            '    box-shadow: 0 0 64px rgba(0, 0, 0, 0.1);\n' +
            '    gap: 24px;\n' +
            '  }\n' +
            '\n' +
            '  .sb-errordisplay_code {\n' +
            '    padding: 10px;\n' +
            '    flex: 1;\n' +
            '    background: #242424;\n' +
            '    color: #c6c6c6;\n' +
            '    box-sizing: border-box;\n' +
            '\n' +
            '    font-size: 14px;\n' +
            '    font-weight: 400;\n' +
            '    line-height: 19px;\n' +
            '    border-radius: 4px;\n' +
            '\n' +
            '    font-family:\n' +
            "      'Operator Mono', 'Fira Code Retina', 'Fira Code', 'FiraCode-Retina', 'Andale Mono',\n" +
            "      'Lucida Console', Consolas, Monaco, monospace;\n" +
            '    margin: 0;\n' +
            '    overflow: auto;\n' +
            '  }\n' +
            '\n' +
            '  .sb-errordisplay pre {\n' +
            '    white-space: pre-wrap;\n' +
            '    white-space: revert;\n' +
            '  }\n' +
            '\n' +
            '  @-webkit-keyframes sb-rotate360 {\n' +
            '    from {\n' +
            '      transform: rotate(0deg);\n' +
            '    }\n' +
            '\n' +
            '    to {\n' +
            '      transform: rotate(360deg);\n' +
            '    }\n' +
            '  }\n' +
            '\n' +
            '  @keyframes sb-rotate360 {\n' +
            '    from {\n' +
            '      transform: rotate(0deg);\n' +
            '    }\n' +
            '\n' +
            '    to {\n' +
            '      transform: rotate(360deg);\n' +
            '    }\n' +
            '  }\n' +
            '\n' +
            '  @-webkit-keyframes sb-glow {\n' +
            '    0%,\n' +
            '    100% {\n' +
            '      opacity: 1;\n' +
            '    }\n' +
            '\n' +
            '    50% {\n' +
            '      opacity: 0.4;\n' +
            '    }\n' +
            '  }\n' +
            '\n' +
            '  @keyframes sb-glow {\n' +
            '    0%,\n' +
            '    100% {\n' +
            '      opacity: 1;\n' +
            '    }\n' +
            '\n' +
            '    50% {\n' +
            '      opacity: 0.4;\n' +
            '    }\n' +
            '  }\n' +
            '\n' +
            '  /* We display the preparing loaders *over* the rendering story */\n' +
            '  .sb-preparing-story,\n' +
            '  .sb-preparing-docs {\n' +
            '    background-color: white;\n' +
            "    /* Maximum possible z-index. It would be better to use stacking contexts to ensure it's always\n" +
            "    on top, but this isn't possible as it would require making CSS changes that could affect user code */\n" +
            '    z-index: 2147483647;\n' +
            '  }\n' +
            '\n' +
            '  .sb-loader {\n' +
            '    -webkit-animation: sb-rotate360 0.7s linear infinite;\n' +
            '    animation: sb-rotate360 0.7s linear infinite;\n' +
            '    border-color: rgba(97, 97, 97, 0.29);\n' +
            '    border-radius: 50%;\n' +
            '    border-style: solid;\n' +
            '    border-top-color: #646464;\n' +
            '    border-width: 2px;\n' +
            '    display: inline-block;\n' +
            '    height: 32px;\n' +
            '    left: 50%;\n' +
            '    margin-left: -16px;\n' +
            '    margin-top: -16px;\n' +
            '    mix-blend-mode: difference;\n' +
            '    overflow: hidden;\n' +
            '    position: absolute;\n' +
            '    top: 50%;\n' +
            '    transition: all 200ms ease-out;\n' +
            '    vertical-align: top;\n' +
            '    width: 32px;\n' +
            '    z-index: 4;\n' +
            '  }\n' +
            '\n' +
            '  .sb-previewBlock {\n' +
            '    background: #fff;\n' +
            '    border: 1px solid rgba(0, 0, 0, 0.1);\n' +
            '    border-radius: 4px;\n' +
            '    box-shadow: rgba(0, 0, 0, 0.1) 0 1px 3px 0;\n' +
            '    margin: 25px auto 40px;\n' +
            '    max-width: 600px;\n' +
            '  }\n' +
            '\n' +
            '  .sb-previewBlock_header {\n' +
            '    align-items: center;\n' +
            '    box-shadow: rgba(0, 0, 0, 0.1) 0 -1px 0 0 inset;\n' +
            '    display: flex;\n' +
            '    gap: 14px;\n' +
            '    height: 40px;\n' +
            '    padding: 0 12px;\n' +
            '  }\n' +
            '\n' +
            '  .sb-previewBlock_icon {\n' +
            '    -webkit-animation: sb-glow 1.5s ease-in-out infinite;\n' +
            '    animation: sb-glow 1.5s ease-in-out infinite;\n' +
            '    background: #e6e6e6;\n' +
            '    height: 14px;\n' +
            '    width: 14px;\n' +
            '  }\n' +
            '\n' +
            '  .sb-previewBlock_icon:last-child {\n' +
            '    margin-left: auto;\n' +
            '  }\n' +
            '\n' +
            '  .sb-previewBlock_body {\n' +
            '    -webkit-animation: sb-glow 1.5s ease-in-out infinite;\n' +
            '    animation: sb-glow 1.5s ease-in-out infinite;\n' +
            '    height: 182px;\n' +
            '    position: relative;\n' +
            '  }\n' +
            '\n' +
            '  .sb-argstableBlock {\n' +
            '    border-collapse: collapse;\n' +
            '    border-spacing: 0;\n' +
            '    font-size: 13px;\n' +
            '    line-height: 20px;\n' +
            '    margin: 25px auto 40px;\n' +
            '    max-width: 600px;\n' +
            '    text-align: left;\n' +
            '    width: 100%;\n' +
            '  }\n' +
            '\n' +
            '  .sb-argstableBlock th:first-of-type,\n' +
            '  .sb-argstableBlock td:first-of-type {\n' +
            '    padding-left: 20px;\n' +
            '  }\n' +
            '\n' +
            '  .sb-argstableBlock th:nth-of-type(2),\n' +
            '  .sb-argstableBlock td:nth-of-type(2) {\n' +
            '    width: 35%;\n' +
            '  }\n' +
            '\n' +
            '  .sb-argstableBlock th:nth-of-type(3),\n' +
            '  .sb-argstableBlock td:nth-of-type(3) {\n' +
            '    width: 15%;\n' +
            '  }\n' +
            '\n' +
            '  .sb-argstableBlock th:last-of-type,\n' +
            '  .sb-argstableBlock td:last-of-type {\n' +
            '    width: 25%;\n' +
            '    padding-right: 20px;\n' +
            '  }\n' +
            '\n' +
            '  .sb-argstableBlock th span,\n' +
            '  .sb-argstableBlock td span {\n' +
            '    -webkit-animation: sb-glow 1.5s ease-in-out infinite;\n' +
            '    animation: sb-glow 1.5s ease-in-out infinite;\n' +
            '    background-color: rgba(0, 0, 0, 0.1);\n' +
            '    border-radius: 0;\n' +
            '    box-shadow: none;\n' +
            '    color: transparent;\n' +
            '  }\n' +
            '\n' +
            '  .sb-argstableBlock th {\n' +
            '    padding: 10px 15px;\n' +
            '  }\n' +
            '\n' +
            '  .sb-argstableBlock-body {\n' +
            '    border-radius: 4px;\n' +
            '    box-shadow:\n' +
            '      rgba(0, 0, 0, 0.1) 0 1px 3px 1px,\n' +
            '      rgba(0, 0, 0, 0.065) 0 0 0 1px;\n' +
            '  }\n' +
            '\n' +
            '  .sb-argstableBlock-body tr {\n' +
            '    background: transparent;\n' +
            '    overflow: hidden;\n' +
            '  }\n' +
            '\n' +
            '  .sb-argstableBlock-body tr:not(:first-child) {\n' +
            '    border-top: 1px solid #e6e6e6;\n' +
            '  }\n' +
            '\n' +
            '  .sb-argstableBlock-body tr:first-child td:first-child {\n' +
            '    border-top-left-radius: 4px;\n' +
            '  }\n' +
            '\n' +
            '  .sb-argstableBlock-body tr:first-child td:last-child {\n' +
            '    border-top-right-radius: 4px;\n' +
            '  }\n' +
            '\n' +
            '  .sb-argstableBlock-body tr:last-child td:first-child {\n' +
            '    border-bottom-left-radius: 4px;\n' +
            '  }\n' +
            '\n' +
            '  .sb-argstableBlock-body tr:last-child td:last-child {\n' +
            '    border-bottom-right-radius: 4px;\n' +
            '  }\n' +
            '\n' +
            '  .sb-argstableBlock-body td {\n' +
            '    background: #fff;\n' +
            '    padding-bottom: 10px;\n' +
            '    padding-top: 10px;\n' +
            '    vertical-align: top;\n' +
            '  }\n' +
            '\n' +
            '  .sb-argstableBlock-body td:not(:first-of-type) {\n' +
            '    padding-left: 15px;\n' +
            '    padding-right: 15px;\n' +
            '  }\n' +
            '\n' +
            '  .sb-argstableBlock-body button {\n' +
            '    -webkit-animation: sb-glow 1.5s ease-in-out infinite;\n' +
            '    animation: sb-glow 1.5s ease-in-out infinite;\n' +
            '    background-color: rgba(0, 0, 0, 0.1);\n' +
            '    border: 0;\n' +
            '    border-radius: 0;\n' +
            '    box-shadow: none;\n' +
            '    color: transparent;\n' +
            '    display: inline;\n' +
            '    font-size: 12px;\n' +
            '    line-height: 1;\n' +
            '    padding: 10px 16px;\n' +
            '  }\n' +
            '\n' +
            '  .sb-argstableBlock-summary {\n' +
            '    margin-top: 4px;\n' +
            '  }\n' +
            '\n' +
            '  .sb-argstableBlock-code {\n' +
            '    margin-right: 4px;\n' +
            '    margin-bottom: 4px;\n' +
            '    padding: 2px 5px;\n' +
            '  }\n' +
            '\n' +
            '  .sb-sr-only,\n' +
            '  .sb-hidden-until-focus:not(:focus) {\n' +
            '    position: absolute;\n' +
            '    width: 1px;\n' +
            '    height: 1px;\n' +
            '    padding: 0px;\n' +
            '    margin: -1px;\n' +
            '    overflow: hidden;\n' +
            '    clip: rect(0, 0, 0, 0);\n' +
            '    border: none;\n' +
            '  }\n' +
            '\n' +
            '  .sb-hidden-until-focus {\n' +
            '    opacity: 0;\n' +
            '    transition: opacity 150ms ease-out;\n' +
            '  }\n' +
            '\n' +
            '  .sb-hidden-until-focus:focus {\n' +
            '    opacity: 1;\n' +
            '  }\n' +
            '</style>\n' +
            '\n' +
            '<script>\n' +
            '  /* globals window */\n' +
            '  try {\n' +
            '    if (window.top !== window) {\n' +
            '      window.__REACT_DEVTOOLS_GLOBAL_HOOK__ = window.top.__REACT_DEVTOOLS_GLOBAL_HOOK__;\n' +
            '      window.__VUE_DEVTOOLS_GLOBAL_HOOK__ = window.top.__VUE_DEVTOOLS_GLOBAL_HOOK__;\n' +
            '      window.top.__VUE_DEVTOOLS_CONTEXT__ = window.document;\n' +
            '    }\n' +
            '  } catch (e) {\n' +
            '    // eslint-disable-next-line no-console\n' +
            "    console.warn('unable to connect to top frame for connecting dev tools');\n" +
            '  }\n' +
            '</script>\n' +
            '<script>\n' +
            '</script>\n' +
            '<body>\n' +
            '<style>\n' +
            '    html {\n' +
            '        /*height: 100%;*/\n' +
            '        /*width: 100%;*/\n' +
            '        height: auto;\n' +
            '        width: auto;\n' +
            '\n' +
            '        body {\n' +
            '            height: auto !important;\n' +
            '            overflow: visible !impor'... 598 more characters,
          bodyHtmlSnippet: '<div class="sb-preparing-story sb-wrapper">\n' +
            '  <div class="sb-loader"></div>\n' +
            '</div>\n' +
            '\n' +
            '<div class="sb-preparing-docs sb-wrapper">\n' +
            '  <div class="sb-previewBlock">\n' +
            '    <div class="sb-previewBlock_header">\n' +
            '      <div class="sb-previewBlock_icon"></div>\n' +
            '      <div class="sb-previewBlock_icon"></div>\n' +
            '      <div class="sb-previewBlock_icon"></div>\n' +
            '      <div class="sb-previewBlock_icon"></div>\n' +
            '    </div>\n' +
            '    <div class="sb-previewBlock_body">\n' +
            '      <div class="sb-loader"></div>\n' +
            '    </div>\n' +
            '  </div>\n' +
            '  <table aria-hidden="true" class="sb-argstableBlock">\n' +
            '    <thead class="sb-argstableBlock-head">\n' +
            '      <tr>\n' +
            '        <th><span>Name</span></th>\n' +
            '        <th><span>Description</span></th>\n' +
            '        <th><span>Default</span></th>\n' +
            '        <th><span>Control </span></th>\n' +
            '      </tr>\n' +
            '    </thead>\n' +
            '    <tbody class="sb-argstableBlock-body">\n' +
            '      <tr>\n' +
            '        <td><span>propertyName</span><span title="Required">*</span></td>\n' +
            '        <td>\n' +
            '          <div><span>This is a short description</span></div>\n' +
            '          <div class="sb-argstableBlock-summary">\n' +
            '            <div><span class="sb-argstableBlock-code">summary</span></div>\n' +
            '          </div>\n' +
            '        </td>\n' +
            '        <td>\n' +
            '          <div><span class="sb-argstableBlock-code">defaultValue</span></div>\n' +
            '        </td>\n' +
            '        <td><button>Set string</button></td>\n' +
            '      </tr>\n' +
            '      <tr>\n' +
            '        <td><span>propertyName</span><span>*</span></td>\n' +
            '        <td>\n' +
            '          <div><span>This is a short description</span></div>\n' +
            '          <div class="sb-argstableBlock-summary">\n' +
            '            <div><span class="sb-argstableBlock-code">summary</span></div>\n' +
            '          </div>\n' +
            '        </td>\n' +
            '        <td>\n' +
            '          <div><span class="sb-argstableBlock-code">defaultValue</span></div>\n' +
            '        </td>\n' +
            '        <td><button>Set string</button></td>\n' +
            '      </tr>\n' +
            '      <tr>\n' +
            '        <td><span>propertyName</span><span>*</span></td>\n' +
            '        <td>\n' +
            '          <div><span>This is a short description</span></div>\n' +
            '          <div class="sb-argstableBlock-summary">\n' +
            '            <div><span class="sb-argstableBlock-code">summary</span></div>\n' +
            '          </div>\n' +
            '        </td>\n' +
            '        <td>\n' +
            '          <div><span class="sb-argstableBlock-code">defaultValue</span></div>\n' +
            '        </td>\n' +
            '        <td><button>Set string</button></td>\n' +
            '      </tr>\n' +
            '    </tbody>\n' +
            '  </table>\n' +
            '</div>\n' +
            '\n' +
            '<div class="sb-nopreview sb-wrapper">\n' +
            '  <div class="sb-nopreview_main">\n' +
            '    <h1 class="sb-nopreview_heading sb-heading">No Preview</h1>\n' +
            '    <p>Sorry, but you either have no stories or none are selected somehow.</p>\n' +
            '    <ul>\n' +
            '      <li>Please check the Storybook config.</li>\n' +
            '      <li>Try reloading the page.</li>\n' +
            '    </ul>\n' +
            '    <p>\n' +
            "      If the problem persists, check the browser console, or the terminal you've run Storybook from.\n" +
            '    </p>\n' +
            '  </div>\n' +
            '</div>\n' +
            '\n' +
            '<div class="sb-errordisplay sb-wrapper">\n' +
            '  <div class="sb-errordisplay_main">\n' +
            '    <h1 id="error-message"></h1>\n' +
            '    <p>\n' +
            '      The component failed to render properly, likely due to a configuration issue in Storybook.\n' +
            '      Here are some common causes and how you can address them:\n' +
            '    </p>\n' +
            '    <ol>\n' +
            '      <li>\n' +
            '        <strong>Missing Context/Providers</strong>: You can use decorators to supply specific\n' +
            '        contexts or providers, which are sometimes necessary for components to render correctly. For\n' +
            '        detailed instructions on using decorators, please visit the\n' +
            '        <a href="https://storybook.js.org/docs/writing-stories/decorators"\n' +
            '          >Decorators documentation</a\n' +
            '        >.\n' +
            '      </li>\n' +
            '      <li>\n' +
            '        <strong>Misconfigured Webpack or Vite</strong>: Verify that Storybook picks up all necessary\n' +
            '        settings for loaders, plugins, and other relevant parameters. You can find step-by-step\n' +
            '        guides for configuring\n' +
            '        <a href="https://storybook.js.org/docs/builders/webpack">Webpack</a> or\n' +
            '        <a href="https://storybook.js.org/docs/builders/vite">Vite</a>\n' +
            '        with Storybook.\n' +
            '      </li>\n' +
            '      <li>\n' +
            '        <strong>Missing Environment Variables</strong>: Your Storybook may require specific\n' +
            '        environment variables to function as intended. You can set up custom environment variables\n' +
            '        as outlined in the\n' +
            '        <a href="https://storybook.js.org/docs/configure/environment-variables"\n' +
            '          >Environment Variables documentation</a\n' +
            '        >.\n' +
            '      </li>\n' +
            '    </ol>\n' +
            '    <pre class="sb-errordisplay_code"><code id="error-stack"></code></pre>\n' +
            '  </div>\n' +
            '</div>\n'
        },
        filename: 'iframe.html',
        publicPath: 'auto',
        hash: false,
        inject: false,
        scriptLoading: 'defer',
        compile: true,
        favicon: false,
        minify: {
          collapseWhitespace: true,
          removeComments: true,
          removeRedundantAttributes: true,
          removeScriptTypeAttributes: false,
          removeStyleLinkTypeAttributes: true,
          useShortDoctype: true
        },
        cache: true,
        showErrors: true,
        chunks: 'all',
        excludeChunks: [],
        chunksSortMode: 'none',
        meta: {},
        base: false,
        title: 'Webpack App',
        xhtml: false,
        alwaysWriteToDisk: true
      }
    },
    DefinePlugin {
      definitions: {
        'process.env.NODE_ENV': '"development"',
        'process.env.NODE_PATH': '[]',
        'process.env.STORYBOOK': '"true"',
        'process.env.PUBLIC_URL': '"."',
        'process.env.CHROMATIC_BASE_URL': '"https://www.chromatic.com"',
        NODE_ENV: '"development"'
      }
    },
    HotModuleReplacementPlugin {},
    CaseSensitivePathsPlugin {
      options: {},
      logger: Object [console] {
        log: [Function: log],
        info: [Function: info],
        debug: [Function: debug],
        warn: [Function: warn],
        error: [Function: error],
        dir: [Function: dir],
        time: [Function: time],
        timeEnd: [Function: timeEnd],
        timeLog: [Function: timeLog],
        trace: [Function: trace],
        assert: [Function: assert],
        clear: [Function: clear],
        count: [Function: count],
        countReset: [Function: countReset],
        group: [Function: group],
        groupEnd: [Function: groupEnd],
        table: [Function: table],
        dirxml: [Function: dirxml],
        groupCollapsed: [Function: groupCollapsed],
        Console: [Function: Console],
        profile: [Function: profile],
        profileEnd: [Function: profileEnd],
        timeStamp: [Function: timeStamp],
        context: [Function: context],
        createTask: [Function: createTask]
      },
      pathCache: Map(0) {},
      fsOperations: 0,
      primed: false
    },
    ProgressPlugin {
      profile: false,
      handler: undefined,
      modulesCount: 15011,
      dependenciesCount: 10000,
      showEntries: true,
      showModules: true,
      showDependencies: true,
      showActiveModules: false,
      percentBy: undefined
    },
    InterpolateHtmlPlugin {
      htmlWebpackPlugin: [class HtmlWebpackPlugin] {
        version: 5,
        getHooks: [Function: getCompilationHooks],
        createHtmlTagObject: [Function: createHtmlTagObject]
      },
      replacements: {
        NODE_ENV: 'development',
        PUBLIC_URL: '',
        WDS_SOCKET_HOST: undefined,
        WDS_SOCKET_PATH: undefined,
        WDS_SOCKET_PORT: undefined,
        FAST_REFRESH: true
      }
    },
    ModuleNotFoundPlugin {
      appPath: '/Users/oscargauss/Documents/JUKI/base-ui',
      yarnLockFile: undefined,
      useYarnCommand: [Function: bound useYarnCommand],
      getRelativePath: [Function: bound getRelativePath],
      prettierError: [Function: bound prettierError]
    },
    ReactRefreshPlugin {
      options: {
        overlay: {
          sockIntegration: 'whm',
          entry: '/Users/oscargauss/Documents/JUKI/base-ui/node_modules/@pmmmwh/react-refresh-webpack-plugin/client/ErrorOverlayEntry.js',
          module: '/Users/oscargauss/Documents/JUKI/base-ui/node_modules/@pmmmwh/react-refresh-webpack-plugin/overlay/index.js'
        },
        exclude: /node_modules/i,
        include: /\.([cm]js|[jt]sx?|flow)$/i
      }
    },
    IgnorePlugin {
      options: { resourceRegExp: /^\.\/locale$/, contextRegExp: /moment$/ },
      checkIgnore: [Function: bound checkIgnore]
    },
    ForkTsCheckerWebpackPlugin {
      options: {
        async: true,
        typescript: {
          typescriptPath: '/Users/oscargauss/Documents/JUKI/base-ui/node_modules/typescript/lib/typescript.js',
          configOverwrite: {
            compilerOptions: {
              sourceMap: true,
              skipLibCheck: true,
              inlineSourceMap: false,
              declarationMap: false,
              noEmit: true,
              incremental: true,
              tsBuildInfoFile: '/Users/oscargauss/Documents/JUKI/base-ui/node_modules/.cache/tsconfig.tsbuildinfo'
            }
          },
          context: '/Users/oscargauss/Documents/JUKI/base-ui',
          diagnosticOptions: { syntactic: true },
          mode: 'write-references'
        },
        issue: {
          include: [
            { file: '../**/src/**/*.{ts,tsx}' },
            { file: '**/src/**/*.{ts,tsx}' }
          ],
          exclude: [
            { file: '**/src/**/__tests__/**' },
            { file: '**/src/**/?(*.){spec|test}.*' },
            { file: '**/src/setupProxy.*' },
            { file: '**/src/setupTests.*' }
          ]
        },
        logger: { infrastructure: 'silent' }
      }
    },
    ESLintWebpackPlugin {
      key: 'ESLintWebpackPlugin',
      options: {
        extensions: [ 'js', 'mjs', 'jsx', 'ts', 'tsx' ],
        emitError: true,
        emitWarning: true,
        failOnError: true,
        resourceQueryExclude: [],
        formatter: '/Users/oscargauss/Documents/JUKI/base-ui/node_modules/react-dev-utils/eslintFormatter.js',
        eslintPath: '/Users/oscargauss/Documents/JUKI/base-ui/node_modules/eslint/lib/api.js',
        context: '/Users/oscargauss/Documents/JUKI/base-ui/src',
        cache: true,
        cacheLocation: '/Users/oscargauss/Documents/JUKI/base-ui/node_modules/.cache/.eslintcache',
        cwd: '/Users/oscargauss/Documents/JUKI/base-ui',
        resolvePluginsRelativeTo: '/Users/oscargauss/Documents/JUKI/base-ui/node_modules/react-scripts/config',
        baseConfig: {
          extends: [
            '/Users/oscargauss/Documents/JUKI/base-ui/node_modules/eslint-config-react-app/base.js'
          ],
          rules: {}
        }
      },
      run: [Function: bound run] AsyncFunction
    },
    { apply: [Function: apply] }
  ],
  module: {
    unknownContextCritical: false,
    rules: [
      {
        test: /\.stories\.([tj])sx?$|(stories|story)\.mdx$/,
        exclude: /node_modules/,
        enforce: 'post',
        use: [
          {
            loader: '/Users/oscargauss/Documents/JUKI/base-ui/node_modules/@storybook/builder-webpack5/dist/loaders/export-order-loader.js'
          }
        ]
      },
      { test: /\.md$/, type: 'asset/source' },
      {
        enforce: 'pre',
        exclude: /@babel(?:\/|\\{1,2})runtime/,
        test: /\.(js|mjs|jsx|ts|tsx|css)$/,
        loader: '/Users/oscargauss/Documents/JUKI/base-ui/node_modules/source-map-loader/dist/cjs.js',
        include: [ '/Users/oscargauss/Documents/JUKI/base-ui/.storybook' ]
      },
      {
        oneOf: [
          {
            test: [ /\.avif$/ ],
            type: 'asset',
            mimetype: 'image/avif',
            parser: { dataUrlCondition: { maxSize: 10000 } }
          },
          {
            test: [ /\.bmp$/, /\.gif$/, /\.jpe?g$/, /\.png$/ ],
            type: 'asset',
            parser: { dataUrlCondition: { maxSize: 10000 } }
          },
          {
            test: /\.svg$/,
            use: [
              {
                loader: '/Users/oscargauss/Documents/JUKI/base-ui/node_modules/@svgr/webpack/lib/index.js',
                options: {
                  prettier: false,
                  svgo: false,
                  svgoConfig: { plugins: [ { removeViewBox: false } ] },
                  titleProp: true,
                  ref: true
                }
              },
              {
                loader: '/Users/oscargauss/Documents/JUKI/base-ui/node_modules/file-loader/dist/cjs.js',
                options: { name: 'static/media/[name].[hash].[ext]' }
              }
            ],
            issuer: { and: [ /\.(ts|tsx|js|jsx|md|mdx)$/ ] }
          },
          {
            test: /\.(js|mjs|jsx|ts|tsx)$/,
            include: [
              '/Users/oscargauss/Documents/JUKI/base-ui/src',
              '/Users/oscargauss/Documents/JUKI/base-ui/.storybook'
            ],
            loader: '/Users/oscargauss/Documents/JUKI/base-ui/node_modules/babel-loader/lib/index.js',
            options: {
              customize: '/Users/oscargauss/Documents/JUKI/base-ui/node_modules/babel-preset-react-app/webpack-overrides.js',
              presets: [
                [
                  '/Users/oscargauss/Documents/JUKI/base-ui/node_modules/babel-preset-react-app/index.js',
                  { runtime: 'automatic' }
                ]
              ],
              babelrc: false,
              configFile: false,
              cacheIdentifier: 'development:babel-plugin-named-asset-import@0.3.8:babel-preset-react-app@10.1.0:react-dev-utils@12.0.1:react-scripts@5.0.1',
              plugins: [
                '/Users/oscargauss/Documents/JUKI/base-ui/node_modules/react-refresh/babel.js'
              ],
              cacheDirectory: true,
              cacheCompression: false,
              compact: false,
              extends: undefined,
              overrides: [
                {
                  include: /\.(story|stories)\.[cm]?[jt]sx?$/,
                  presets: [
                    [
                      '@babel/preset-env',
                      {
                        bugfixes: true,
                        targets: { chrome: 100, safari: 15, firefox: 91 }
                      }
                    ]
                  ]
                }
              ]
            }
          },
          {
            test: /\.(js|mjs)$/,
            exclude: /@babel(?:\/|\\{1,2})runtime/,
            loader: '/Users/oscargauss/Documents/JUKI/base-ui/node_modules/babel-loader/lib/index.js',
            options: {
              babelrc: false,
              configFile: false,
              compact: false,
              presets: [
                [
                  '/Users/oscargauss/Documents/JUKI/base-ui/node_modules/babel-preset-react-app/dependencies.js',
                  { helpers: true }
                ]
              ],
              cacheDirectory: true,
              cacheCompression: false,
              cacheIdentifier: 'development:babel-plugin-named-asset-import@0.3.8:babel-preset-react-app@10.1.0:react-dev-utils@12.0.1:react-scripts@5.0.1',
              sourceMaps: true,
              inputSourceMap: true
            },
            include: [ '/Users/oscargauss/Documents/JUKI/base-ui/.storybook' ]
          },
          {
            test: /\.css$/,
            exclude: [ /\.module\.css$/, /@storybook/ ],
            use: [
              '/Users/oscargauss/Documents/JUKI/base-ui/node_modules/style-loader/dist/cjs.js',
              {
                loader: '/Users/oscargauss/Documents/JUKI/base-ui/node_modules/css-loader/dist/cjs.js',
                options: {
                  importLoaders: 1,
                  sourceMap: true,
                  modules: { mode: 'icss' }
                }
              },
              {
                loader: '/Users/oscargauss/Documents/JUKI/base-ui/node_modules/postcss-loader/dist/cjs.js',
                options: {
                  postcssOptions: {
                    ident: 'postcss',
                    config: false,
                    plugins: [
                      'postcss-flexbugs-fixes',
                      [
                        'postcss-preset-env',
                        {
                          autoprefixer: { flexbox: 'no-2009' },
                          stage: 3
                        }
                      ],
                      'postcss-normalize'
                    ]
                  },
                  sourceMap: true
                }
              }
            ],
            sideEffects: true,
            include: undefined
          },
          {
            test: /\.module\.css$/,
            use: [
              '/Users/oscargauss/Documents/JUKI/base-ui/node_modules/style-loader/dist/cjs.js',
              {
                loader: '/Users/oscargauss/Documents/JUKI/base-ui/node_modules/css-loader/dist/cjs.js',
                options: {
                  importLoaders: 1,
                  sourceMap: true,
                  modules: {
                    mode: 'local',
                    getLocalIdent: [Function: getLocalIdent]
                  }
                }
              },
              {
                loader: '/Users/oscargauss/Documents/JUKI/base-ui/node_modules/postcss-loader/dist/cjs.js',
                options: {
                  postcssOptions: {
                    ident: 'postcss',
                    config: false,
                    plugins: [
                      'postcss-flexbugs-fixes',
                      [
                        'postcss-preset-env',
                        {
                          autoprefixer: { flexbox: 'no-2009' },
                          stage: 3
                        }
                      ],
                      'postcss-normalize'
                    ]
                  },
                  sourceMap: true
                }
              }
            ]
          },
          {
            test: /\.(scss|sass)$/,
            exclude: /\.module\.(scss|sass)$/,
            use: [
              '/Users/oscargauss/Documents/JUKI/base-ui/node_modules/style-loader/dist/cjs.js',
              {
                loader: '/Users/oscargauss/Documents/JUKI/base-ui/node_modules/css-loader/dist/cjs.js',
                options: {
                  importLoaders: 3,
                  sourceMap: true,
                  modules: { mode: 'icss' }
                }
              },
              {
                loader: '/Users/oscargauss/Documents/JUKI/base-ui/node_modules/postcss-loader/dist/cjs.js',
                options: {
                  postcssOptions: {
                    ident: 'postcss',
                    config: false,
                    plugins: [
                      'postcss-flexbugs-fixes',
                      [
                        'postcss-preset-env',
                        {
                          autoprefixer: { flexbox: 'no-2009' },
                          stage: 3
                        }
                      ],
                      'postcss-normalize'
                    ]
                  },
                  sourceMap: true
                }
              },
              {
                loader: '/Users/oscargauss/Documents/JUKI/base-ui/node_modules/resolve-url-loader/index.js',
                options: {
                  sourceMap: true,
                  root: '/Users/oscargauss/Documents/JUKI/base-ui/src'
                }
              },
              {
                loader: '/Users/oscargauss/Documents/JUKI/base-ui/node_modules/sass-loader/dist/cjs.js',
                options: { sourceMap: true }
              }
            ],
            sideEffects: true
          },
          {
            test: /\.module\.(scss|sass)$/,
            use: [
              '/Users/oscargauss/Documents/JUKI/base-ui/node_modules/style-loader/dist/cjs.js',
              {
                loader: '/Users/oscargauss/Documents/JUKI/base-ui/node_modules/css-loader/dist/cjs.js',
                options: {
                  importLoaders: 3,
                  sourceMap: true,
                  modules: {
                    mode: 'local',
                    getLocalIdent: [Function: getLocalIdent]
                  }
                }
              },
              {
                loader: '/Users/oscargauss/Documents/JUKI/base-ui/node_modules/postcss-loader/dist/cjs.js',
                options: {
                  postcssOptions: {
                    ident: 'postcss',
                    config: false,
                    plugins: [
                      'postcss-flexbugs-fixes',
                      [
                        'postcss-preset-env',
                        {
                          autoprefixer: { flexbox: 'no-2009' },
                          stage: 3
                        }
                      ],
                      'postcss-normalize'
                    ]
                  },
                  sourceMap: true
                }
              },
              {
                loader: '/Users/oscargauss/Documents/JUKI/base-ui/node_modules/resolve-url-loader/index.js',
                options: {
                  sourceMap: true,
                  root: '/Users/oscargauss/Documents/JUKI/base-ui/src'
                }
              },
              {
                loader: '/Users/oscargauss/Documents/JUKI/base-ui/node_modules/sass-loader/dist/cjs.js',
                options: { sourceMap: true }
              }
            ]
          },
          {
            exclude: [
              /^$/,
              /\.(js|mjs|jsx|ts|tsx)$/,
              /\.html$/,
              /\.json$/,
              /\.(ejs|md|mdx|cjs)$/
            ],
            type: 'asset/resource'
          }
        ]
      },
      {
        test: /\.mdx$/,
        exclude: /(stories|story)\.mdx$/,
        use: [
          {
            loader: '/Users/oscargauss/Documents/JUKI/base-ui/node_modules/@storybook/addon-docs/dist/mdx-loader.js',
            options: {
              mdxCompileOptions: {
                providerImportSource: '/Users/oscargauss/Documents/JUKI/base-ui/node_modules/@storybook/addon-docs/dist/shims/mdx-react-shim.mjs',
                rehypePlugins: [
                  [Function: rehypeSlug],
                  [Function: rehypeExternalLinks]
                ]
              }
            }
          }
        ]
      },
      { test: /\.m?js$/, type: 'javascript/auto' },
      { test: /\.m?js$/, resolve: { fullySpecified: false } },
      {
        test: /\.(cjs|mjs|tsx?|jsx?)$/,
        enforce: 'pre',
        loader: '/Users/oscargauss/Documents/JUKI/base-ui/node_modules/@storybook/preset-react-webpack/dist/loaders/react-docgen-loader.js',
        options: { debug: false },
        exclude: /(\.(stories|story)\.(js|jsx|ts|tsx))|(node_modules)/
      }
    ]
  },
  resolve: {
    extensions: [
      '.web.mjs', '.mjs',
      '.web.js',  '.js',
      '.web.ts',  '.ts',
      '.web.tsx', '.tsx',
      '.json',    '.web.jsx',
      '.jsx'
    ],
    modules: [
      'node_modules',
      '/Users/oscargauss/Documents/JUKI/base-ui/node_modules/react-scripts/node_modules'
    ],
    mainFields: [ 'browser', 'module', 'main' ],
    alias: {
      '@storybook/global': '/Users/oscargauss/Documents/JUKI/base-ui/node_modules/@storybook/global',
      '@storybook/react': '/Users/oscargauss/Documents/JUKI/base-ui/node_modules/@storybook/react',
      react: '/Users/oscargauss/Documents/JUKI/base-ui/node_modules/react',
      'react-dom': '/Users/oscargauss/Documents/JUKI/base-ui/node_modules/react-dom',
      '@mdx-js/react': '/Users/oscargauss/Documents/JUKI/base-ui/node_modules/@mdx-js/react'
    },
    symlinks: true,
    plugins: [
      {
        apply: [Function: nothing],
        makePlugin: [Function (anonymous)],
        moduleLoader: [Function (anonymous)],
        topLevelLoader: { apply: [Function: nothing] },
        bind: [Function (anonymous)],
        tsLoaderOptions: [Function (anonymous)],
        forkTsCheckerOptions: [Function (anonymous)]
      }
    ],
    conditionNames: [ 'storybook', 'stories', 'test', '...' ]
  },
  optimization: {
    splitChunks: { chunks: 'all' },
    runtimeChunk: true,
    sideEffects: true,
    usedExports: false,
    moduleIds: 'named'
  },
  performance: { hints: false },
  experiments: {},
  resolveLoader: {
    modules: [
      'node_modules',
      '/Users/oscargauss/Documents/JUKI/base-ui/node_modules/react-scripts/node_modules'
    ],
    plugins: [ { apply: [Function: nothing] } ]
  }
}
info => Starting manager..
info => Starting preview..
info => Loading Webpack configuration from `node_modules/react-scripts`
info => Removing existing JavaScript and TypeScript rules.
info => Modifying Create React App rules.
info Addon-docs: using MDX3
info => Using default Webpack5 setup
info Using tsconfig paths for react-docgen
ERROR in ./node_modules/@hpcc-js/wasm/dist/graphviz.js 1:8343-8386
Module not found: Error: Can't resolve 'graphvizlib.wasm' in '/Users/oscargauss/Documents/JUKI/base-ui/node_modules/@hpcc-js/wasm/dist'
 @ ./node_modules/d3-graphviz/src/graphviz.js 52:0-68 123:8-29
 @ ./node_modules/d3-graphviz/index.js 2:0-54 2:0-54
 @ ./src/components/organisms/Graphviz/Graphviz/Graphviz.tsx 5:0-39 26:6-14
 @ ./src/components/organisms/Graphviz/GraphvizEditor.tsx 11:0-47 97:39-47
 @ ./src/components/organisms/Graphviz/GraphvizEditor.stories.tsx 7:0-50 10:13-27 26:35-49
 @ ./src/ lazy ^\.\/.*$ include: (?%21.*node_modules)(?:\/src(?:\/(?%21\.)(?:(?:(?%21(?:^%7C\/)\.).)*?)\/%7C\/%7C$)(?%21\.)(?=.)[^/]*?\.stories\.(js%7Cjsx%7Cts%7Ctsx))$ chunkName: [request] namespace object ./components/organisms/Graphviz/GraphvizEditor.stories.tsx ./components/organisms/Graphviz/GraphvizEditor.stories
 @ ./storybook-stories.js 25:11-29:5
 @ ./storybook-config-entry.js 10:0-50 31:31-39 44:2-47:4 44:58-47:3 46:31-39

preview compiled with 1 error


No issues found.
info Visit https://yarnpkg.com/en/docs/cli/run for documentation about this command.
